

Microchip MPLAB XC8 Assembler V2.46 build 20240104201356 
                                                                                               Sat May 04 07:37:25 2024

Microchip MPLAB XC8 C Compiler v2.46 (Free license) build 20240104201356 Og1 
     1                           	processor	18F8722
     2                           	fnconf	rparam,??,?,0
     3                           	pagewidth 120
     4                           	opt	flic
     5                           	psect	nvCOMRAM,global,class=COMRAM,space=1,delta=1,lowdata,noexec
     6                           	psect	cinit,global,reloc=2,class=CODE,delta=1
     7                           	psect	cstackCOMRAM,global,class=COMRAM,space=1,delta=1,lowdata,noexec
     8                           	psect	text0,global,reloc=2,class=CODE,delta=1
     9                           	psect	intcode,global,reloc=2,class=CODE,delta=1
    10                           	psect	intcode_body,global,reloc=2,class=CODE,delta=1
    11                           	psect	smallconst,global,reloc=2,class=SMALLCONST,delta=1,noexec
    12                           	psect	intsave_regs,global,class=BIGRAM,space=1,delta=1,noexec
    13                           	psect	rparam,global,class=COMRAM,space=1,delta=1,noexec
    14                           	psect	temp,global,ovrld,common,class=COMRAM,space=1,delta=1,lowdata
    15                           	psect	config,global,abs,ovrld,class=CONFIG,space=4,delta=1,noexec
    16   000000                     
    17                           ; Version 2.20
    18                           ; Generated 12/02/2020 GMT
    19                           ; 
    20                           ; Copyright © 2020, Microchip Technology Inc. and its subsidiaries ("Microchip")
    21                           ; All rights reserved.
    22                           ; 
    23                           ; This software is developed by Microchip Technology Inc. and its subsidiaries ("Microch
      +                          ip").
    24                           ; 
    25                           ; Redistribution and use in source and binary forms, with or without modification, are
    26                           ; permitted provided that the following conditions are met:
    27                           ; 
    28                           ;     1. Redistributions of source code must retain the above copyright notice, this lis
      +                          t of
    29                           ;        conditions and the following disclaimer.
    30                           ; 
    31                           ;     2. Redistributions in binary form must reproduce the above copyright notice, this 
      +                          list
    32                           ;        of conditions and the following disclaimer in the documentation and/or other
    33                           ;        materials provided with the distribution.
    34                           ; 
    35                           ;     3. Microchip's name may not be used to endorse or promote products derived from th
      +                          is
    36                           ;        software without specific prior written permission.
    37                           ; 
    38                           ; THIS SOFTWARE IS PROVIDED BY MICROCHIP "AS IS" AND ANY EXPRESS OR IMPLIED WARRANTIES,
    39                           ; INCLUDING, BUT NOT LIMITED TO, THE IMPLIED WARRANTIES OF MERCHANTABILITY AND FITNESS F
      +                          OR
    40                           ; PURPOSE ARE DISCLAIMED.  IN NO EVENT SHALL MICROCHIP BE LIABLE FOR ANY DIRECT, INDIREC
      +                          T,
    41                           ; INCIDENTAL, SPECIAL, EXEMPLARY, OR CONSEQUENTIAL DAMAGES (INCLUDING BUT NOT LIMITED TO
    42                           ; PROCUREMENT OF SUBSTITUTE GOODS OR SERVICES; LOSS OF USE, DATA OR PROFITS; OR BUSINESS
    43                           ; INTERRUPTION) HOWSOEVER CAUSED AND ON ANY THEORY OF LIABILITY, WHETHER IN CONTRACT, ST
      +                          RICT
    44                           ; LIABILITY, OR TORT (INCLUDING NEGLIGENCE OR OTHERWISE) ARISING IN ANY WAY OUT OF THE U
      +                          SE OF
    45                           ; THIS SOFTWARE, EVEN IF ADVISED OF THE POSSIBILITY OF SUCH DAMAGE.
    46                           ; 
    47                           ; 
    48                           ; Code-generator required, PIC18F8722 Definitions
    49                           ; 
    50                           ; SFR Addresses
    51   000000                     _LATD	set	3980
    52                           
    53                           	psect	nvCOMRAM
    54   000001                     __pnvCOMRAM:
    55                           	callstack 0
    56   000001                     _prevB:
    57                           	callstack 0
    58   000001                     	ds	3
    59   000000                     _INTCON	set	4082
    60   000000                     _PORTB	set	3969
    61   000000                     _INTCONbits	set	4082
    62   000000                     _LATA	set	3977
    63   000000                     _PORTD	set	3971
    64   000000                     _PORTC	set	3970
    65   000000                     _LATE	set	3981
    66   000000                     _TRISA	set	3986
    67   000000                     _ADCON1	set	4033
    68   000000                     _STATUSbits	set	4056
    69   000000                     _LATC	set	3979
    70   000000                     _RCONbits	set	4048
    71   000000                     _TRISC	set	3988
    72   000000                     _TRISE	set	3990
    73   000000                     _TRISD	set	3989
    74                           
    75                           ; #config settings
    76                           
    77                           	psect	cinit
    78   001070                     __pcinit:
    79                           	callstack 0
    80   001070                     start_initialization:
    81                           	callstack 0
    82   001070                     __initialization:
    83                           	callstack 0
    84   001070                     end_of_initialization:
    85                           	callstack 0
    86   001070                     __end_of__initialization:
    87                           	callstack 0
    88   001070  9004               	bcf	int$flags,0,c	;clear compiler interrupt flag (level 1)
    89   001072  9204               	bcf	int$flags,1,c	;clear compiler interrupt flag (level 2)
    90   001074  0100               	movlb	0
    91   001076  EF01  F008         	goto	_main	;jump to C main() function
    92                           
    93                           	psect	cstackCOMRAM
    94   000000                     __pcstackCOMRAM:
    95                           	callstack 0
    96   000000                     
    97                           ; 1 bytes @ 0x0
    98 ;;
    99 ;;Main: autosize = 0, tempsize = 0, incstack = 0, save=0
   100 ;;
   101 ;; *************** function _main *****************
   102 ;; Defined at:
   103 ;;		line 1339 in file "main.c"
   104 ;; Parameters:    Size  Location     Type
   105 ;;		None
   106 ;; Auto vars:     Size  Location     Type
   107 ;;		None
   108 ;; Return value:  Size  Location     Type
   109 ;;                  1    wreg      void 
   110 ;; Registers used:
   111 ;;		wreg, status,2
   112 ;; Tracked objects:
   113 ;;		On entry : 0/0
   114 ;;		On exit  : 0/0
   115 ;;		Unchanged: 0/0
   116 ;; Data sizes:     COMRAM   BANK0   BANK1   BANK2   BANK3   BANK4   BANK5   BANK6   BANK7   BANK8   BANK9  BANK10  BANK1
      +1  BANK12  BANK13  BANK14  BANK15
   117 ;;      Params:         0       0       0       0       0       0       0       0       0       0       0       0       
      +0       0       0       0       0
   118 ;;      Locals:         0       0       0       0       0       0       0       0       0       0       0       0       
      +0       0       0       0       0
   119 ;;      Temps:          0       0       0       0       0       0       0       0       0       0       0       0       
      +0       0       0       0       0
   120 ;;      Totals:         0       0       0       0       0       0       0       0       0       0       0       0       
      +0       0       0       0       0
   121 ;;Total ram usage:        0 bytes
   122 ;; Hardware stack levels required when called: 1
   123 ;; This function calls:
   124 ;;		Nothing
   125 ;; This function is called by:
   126 ;;		Startup code after reset
   127 ;; This function uses a non-reentrant model
   128 ;;
   129                           
   130                           	psect	text0
   131   001002                     __ptext0:
   132                           	callstack 0
   133   001002                     _main:
   134                           	callstack 30
   135   001002                     
   136                           ;main.c: 1341:     ADCON1 = 0x0F;
   137   001002  0E0F               	movlw	15
   138   001004  6EC1               	movwf	193,c	;volatile
   139                           
   140                           ;main.c: 1343:     TRISA = 0x00; LATA = 0x00;
   141   001006  0E00               	movlw	0
   142   001008  6E92               	movwf	146,c	;volatile
   143   00100A  0E00               	movlw	0
   144   00100C  6E89               	movwf	137,c	;volatile
   145   00100E                     
   146                           ;main.c: 1344:     TRISC = 0xFF; LATC = 0x00;
   147   00100E  6894               	setf	148,c	;volatile
   148   001010  0E00               	movlw	0
   149   001012  6E8B               	movwf	139,c	;volatile
   150   001014                     
   151                           ;main.c: 1345:     TRISD = 0xFF; LATD = 0x00;
   152   001014  6895               	setf	149,c	;volatile
   153   001016  0E00               	movlw	0
   154   001018  6E8C               	movwf	140,c	;volatile
   155                           
   156                           ;main.c: 1346:     TRISE = 0x00; LATE = 0x00;
   157   00101A  0E00               	movlw	0
   158   00101C  6E96               	movwf	150,c	;volatile
   159   00101E  0E00               	movlw	0
   160   001020  6E8D               	movwf	141,c	;volatile
   161   001022                     
   162                           ;main.c: 1348:     RCONbits.IPEN = 0;
   163   001022  9ED0               	bcf	208,7,c	;volatile
   164                           
   165                           ;main.c: 1350:     INTCON = 0x00;
   166   001024  0E00               	movlw	0
   167   001026  6EF2               	movwf	242,c	;volatile
   168   001028                     
   169                           ;main.c: 1351:     INTCONbits.GIE = 1;
   170   001028  8EF2               	bsf	242,7,c	;volatile
   171   00102A                     
   172                           ;main.c: 1352:     INTCONbits.RBIE = 1;
   173   00102A  86F2               	bsf	242,3,c	;volatile
   174                           
   175                           ;main.c: 1354:     prevB = PORTB;
   176   00102C  5081               	movf	129,w,c	;volatile
   177   00102E  6E01               	movwf	_prevB^0,c
   178   001030  6A02               	clrf	(_prevB+1)^0,c
   179   001032  6A03               	clrf	(_prevB+2)^0,c
   180   001034                     l46:
   181   001034  EF1A  F008         	goto	l46
   182   001038  EF07  F000         	goto	start
   183   00103C                     __end_of_main:
   184                           	callstack 0
   185                           
   186 ;; *************** function _highPriorityISR *****************
   187 ;; Defined at:
   188 ;;		line 1323 in file "main.c"
   189 ;; Parameters:    Size  Location     Type
   190 ;;		None
   191 ;; Auto vars:     Size  Location     Type
   192 ;;		None
   193 ;; Return value:  Size  Location     Type
   194 ;;                  1    wreg      void 
   195 ;; Registers used:
   196 ;;		wreg, status,2, status,0
   197 ;; Tracked objects:
   198 ;;		On entry : 0/0
   199 ;;		On exit  : 0/0
   200 ;;		Unchanged: 0/0
   201 ;; Data sizes:     COMRAM   BANK0   BANK1   BANK2   BANK3   BANK4   BANK5   BANK6   BANK7   BANK8   BANK9  BANK10  BANK1
      +1  BANK12  BANK13  BANK14  BANK15
   202 ;;      Params:         0       0       0       0       0       0       0       0       0       0       0       0       
      +0       0       0       0       0
   203 ;;      Locals:         0       0       0       0       0       0       0       0       0       0       0       0       
      +0       0       0       0       0
   204 ;;      Temps:          0       0       0       0       0       0       0       0       0       0       0       0       
      +0       0       0       0       0
   205 ;;      Totals:         0       0       0       0       0       0       0       0       0       0       0       0       
      +0       0       0       0       0
   206 ;;Total ram usage:        0 bytes
   207 ;; Hardware stack levels used: 1
   208 ;; This function calls:
   209 ;;		Nothing
   210 ;; This function is called by:
   211 ;;		Interrupt level 2
   212 ;; This function uses a non-reentrant model
   213 ;;
   214                           
   215                           	psect	intcode
   216   000008                     __pintcode:
   217                           	callstack 0
   218   000008                     _highPriorityISR:
   219                           	callstack 30
   220                           
   221                           ;incstack = 0
   222   000008  8204               	bsf	int$flags,1,c	;set compiler interrupt flag (level 2)
   223   00000A  ED1E  F008         	call	int_func,f	;refresh shadow registers
   224                           
   225                           	psect	intcode_body
   226   00103C                     __pintcode_body:
   227                           	callstack 30
   228   00103C                     int_func:
   229                           	callstack 30
   230   00103C  0006               	pop		; remove dummy address from shadow register refresh
   231   00103E                     
   232                           ;main.c: 1325:     if(INTCONbits.RBIF == 1){
   233   00103E  A0F2               	btfss	242,0,c	;volatile
   234   001040  EF24  F008         	goto	i2u1_41
   235   001044  EF26  F008         	goto	i2u1_40
   236   001048                     i2u1_41:
   237   001048  EF36  F008         	goto	i2l41
   238   00104C                     i2u1_40:
   239   00104C                     
   240                           ;main.c: 1327:         prevB = PORTB;
   241   00104C  5081               	movf	129,w,c	;volatile
   242   00104E  6E01               	movwf	_prevB^0,c
   243   001050  6A02               	clrf	(_prevB+1)^0,c
   244   001052  6A03               	clrf	(_prevB+2)^0,c
   245   001054                     
   246                           ;main.c: 1328:         INTCONbits.RBIF = 0;
   247   001054  90F2               	bcf	242,0,c	;volatile
   248   001056                     
   249                           ;main.c: 1330:         LATE = PORTC + PORTD;
   250   001056  5082               	movf	130,w,c	;volatile
   251   001058  2483               	addwf	131,w,c	;volatile
   252   00105A  6E8D               	movwf	141,c	;volatile
   253   00105C                     
   254                           ;main.c: 1331:         if(STATUSbits.C == 1){
   255   00105C  A0D8               	btfss	216,0,c	;volatile
   256   00105E  EF33  F008         	goto	i2u2_41
   257   001062  EF35  F008         	goto	i2u2_40
   258   001066                     i2u2_41:
   259   001066  EF36  F008         	goto	i2l41
   260   00106A                     i2u2_40:
   261   00106A                     
   262                           ;main.c: 1332:             LATA |= 0x01;
   263   00106A  8089               	bsf	137,0,c	;volatile
   264   00106C                     i2l41:
   265   00106C  9204               	bcf	int$flags,1,c	;clear compiler interrupt flag (level 2)
   266   00106E  0011               	retfie		f
   267   001070                     __end_of_highPriorityISR:
   268                           	callstack 0
   269                           
   270                           	psect	smallconst
   271   001000                     __psmallconst:
   272                           	callstack 0
   273   001000  00                 	db	0
   274   001001  00                 	db	0	; dummy byte at the end
   275   000000                     
   276                           	psect	rparam
   277   000000                     
   278                           	psect	temp
   279   000004                     btemp:
   280                           	callstack 0
   281   000004                     	ds	1
   282   000000                     int$flags	set	btemp
   283   000000                     wtemp8	set	btemp+1
   284   000000                     ttemp5	set	btemp+1
   285   000000                     ttemp6	set	btemp+4
   286   000000                     ttemp7	set	btemp+8
   287                           
   288                           	psect	config
   289                           
   290                           ; Padding undefined space
   291   300000                     	org	3145728
   292   300000  FF                 	db	255
   293                           
   294                           ;Config register CONFIG1H @ 0x300001
   295                           ;	Oscillator Selection bits
   296                           ;	OSC = HSPLL, HS oscillator, PLL enabled (Clock Frequency = 4 x FOSC1)
   297                           ;	Fail-Safe Clock Monitor Enable bit
   298                           ;	FCMEN = OFF, Fail-Safe Clock Monitor disabled
   299                           ;	Internal/External Oscillator Switchover bit
   300                           ;	IESO = OFF, Two-Speed Start-up disabled
   301   300001                     	org	3145729
   302   300001  06                 	db	6
   303                           
   304                           ;Config register CONFIG2L @ 0x300002
   305                           ;	Power-up Timer Enable bit
   306                           ;	PWRT = OFF, PWRT disabled
   307                           ;	Brown-out Reset Enable bits
   308                           ;	BOREN = OFF, Brown-out Reset disabled in hardware and software
   309                           ;	Brown-out Voltage bits
   310                           ;	BORV = 0x3, unprogrammed default
   311   300002                     	org	3145730
   312   300002  19                 	db	25
   313                           
   314                           ;Config register CONFIG2H @ 0x300003
   315                           ;	Watchdog Timer
   316                           ;	WDT = OFF, WDT disabled (control is placed on the SWDTEN bit)
   317                           ;	Watchdog Timer Postscale Select bits
   318                           ;	WDTPS = 0xF, unprogrammed default
   319   300003                     	org	3145731
   320   300003  1E                 	db	30
   321                           
   322                           ;Config register CONFIG3L @ 0x300004
   323                           ;	unspecified, using default values
   324                           ;	Processor Data Memory Mode Select bits
   325                           ;	MODE = 0x3, unprogrammed default
   326                           ;	Address Bus Width Select bits
   327                           ;	ADDRBW = 0x3, unprogrammed default
   328                           ;	Data Bus Width Select bit
   329                           ;	DATABW = 0x1, unprogrammed default
   330                           ;	External Bus Data Wait Enable bit
   331                           ;	WAIT = 0x1, unprogrammed default
   332   300004                     	org	3145732
   333   300004  F3                 	db	243
   334                           
   335                           ;Config register CONFIG3H @ 0x300005
   336                           ;	CCP2 MUX bit
   337                           ;	CCP2MX = 0x1, unprogrammed default
   338                           ;	ECCP MUX bit
   339                           ;	ECCPMX = 0x1, unprogrammed default
   340                           ;	Low-Power Timer1 Oscillator Enable bit
   341                           ;	LPT1OSC = OFF, Timer1 configured for higher power operation
   342                           ;	MCLR Pin Enable bit
   343                           ;	MCLRE = ON, MCLR pin enabled; RG5 input pin disabled
   344   300005                     	org	3145733
   345   300005  83                 	db	131
   346                           
   347                           ;Config register CONFIG4L @ 0x300006
   348                           ;	Stack Full/Underflow Reset Enable bit
   349                           ;	STVREN = 0x1, unprogrammed default
   350                           ;	Single-Supply ICSP Enable bit
   351                           ;	LVP = OFF, Single-Supply ICSP disabled
   352                           ;	Boot Block Size Select bits
   353                           ;	BBSIZ = 0x0, unprogrammed default
   354                           ;	Extended Instruction Set Enable bit
   355                           ;	XINST = OFF, Instruction set extension and Indexed Addressing mode disabled (Legacy mo
      +                          de)
   356                           ;	Background Debugger Enable bit
   357                           ;	DEBUG = OFF, Background debugger disabled, RB6 and RB7 configured as general purpose I
      +                          /O pins
   358   300006                     	org	3145734
   359   300006  81                 	db	129
   360                           
   361                           ; Padding undefined space
   362   300007                     	org	3145735
   363   300007  FF                 	db	255
   364                           tosu	equ	0xFFF
   365                           tosh	equ	0xFFE
   366                           tosl	equ	0xFFD
   367                           stkptr	equ	0xFFC
   368                           pclatu	equ	0xFFB
   369                           pclath	equ	0xFFA
   370                           pcl	equ	0xFF9
   371                           tblptru	equ	0xFF8
   372                           tblptrh	equ	0xFF7
   373                           tblptrl	equ	0xFF6
   374                           tablat	equ	0xFF5
   375                           prodh	equ	0xFF4
   376                           prodl	equ	0xFF3
   377                           indf0	equ	0xFEF
   378                           postinc0	equ	0xFEE
   379                           postdec0	equ	0xFED
   380                           preinc0	equ	0xFEC
   381                           plusw0	equ	0xFEB
   382                           fsr0h	equ	0xFEA
   383                           fsr0l	equ	0xFE9
   384                           wreg	equ	0xFE8
   385                           indf1	equ	0xFE7
   386                           postinc1	equ	0xFE6
   387                           postdec1	equ	0xFE5
   388                           preinc1	equ	0xFE4
   389                           plusw1	equ	0xFE3
   390                           fsr1h	equ	0xFE2
   391                           fsr1l	equ	0xFE1
   392                           bsr	equ	0xFE0
   393                           indf2	equ	0xFDF
   394                           postinc2	equ	0xFDE
   395                           postdec2	equ	0xFDD
   396                           preinc2	equ	0xFDC
   397                           plusw2	equ	0xFDB
   398                           fsr2h	equ	0xFDA
   399                           fsr2l	equ	0xFD9
   400                           status	equ	0xFD8

Data Sizes:
    Strings     0
    Constant    0
    Data        0
    BSS         0
    Persistent  3
    Stack       0

Auto Spaces:
    Space          Size  Autos    Used
    COMRAM           94      0       3
    BANK0           160      0       0
    BANK1           256      0       0
    BANK2           256      0       0
    BANK3           256      0       0
    BANK4           256      0       0
    BANK5           256      0       0
    BANK6           256      0       0
    BANK7           256      0       0
    BANK8           256      0       0
    BANK9           256      0       0
    BANK10          256      0       0
    BANK11          256      0       0
    BANK12          256      0       0
    BANK13          256      0       0
    BANK14          256      0       0
    BANK15           96      0       0

Pointer List with Targets:

    None.

Critical Paths under _main in COMRAM

    None.

Critical Paths under _highPriorityISR in COMRAM

    None.

Critical Paths under _main in BANK0

    None.

Critical Paths under _highPriorityISR in BANK0

    None.

Critical Paths under _main in BANK1

    None.

Critical Paths under _highPriorityISR in BANK1

    None.

Critical Paths under _main in BANK2

    None.

Critical Paths under _highPriorityISR in BANK2

    None.

Critical Paths under _main in BANK3

    None.

Critical Paths under _highPriorityISR in BANK3

    None.

Critical Paths under _main in BANK4

    None.

Critical Paths under _highPriorityISR in BANK4

    None.

Critical Paths under _main in BANK5

    None.

Critical Paths under _highPriorityISR in BANK5

    None.

Critical Paths under _main in BANK6

    None.

Critical Paths under _highPriorityISR in BANK6

    None.

Critical Paths under _main in BANK7

    None.

Critical Paths under _highPriorityISR in BANK7

    None.

Critical Paths under _main in BANK8

    None.

Critical Paths under _highPriorityISR in BANK8

    None.

Critical Paths under _main in BANK9

    None.

Critical Paths under _highPriorityISR in BANK9

    None.

Critical Paths under _main in BANK10

    None.

Critical Paths under _highPriorityISR in BANK10

    None.

Critical Paths under _main in BANK11

    None.

Critical Paths under _highPriorityISR in BANK11

    None.

Critical Paths under _main in BANK12

    None.

Critical Paths under _highPriorityISR in BANK12

    None.

Critical Paths under _main in BANK13

    None.

Critical Paths under _highPriorityISR in BANK13

    None.

Critical Paths under _main in BANK14

    None.

Critical Paths under _highPriorityISR in BANK14

    None.

Critical Paths under _main in BANK15

    None.

Critical Paths under _highPriorityISR in BANK15

    None.

Call Graph Tables:

 ---------------------------------------------------------------------------------
 (Depth) Function   	        Calls       Base Space   Used Autos Params    Refs
 ---------------------------------------------------------------------------------
 (0) _main                                                 0     0      0       0
 ---------------------------------------------------------------------------------
 Estimated maximum stack depth 0
 ---------------------------------------------------------------------------------
 (Depth) Function   	        Calls       Base Space   Used Autos Params    Refs
 ---------------------------------------------------------------------------------
 (1) _highPriorityISR                                      0     0      0       0
 ---------------------------------------------------------------------------------
 Estimated maximum stack depth 1
 ---------------------------------------------------------------------------------

 Call Graph Graphs:

 _main (ROOT)

 _highPriorityISR (ROOT)

 Address spaces:
Name               Size   Autos  Total    Cost      Usage
BITCOMRAM           5E      0       0       0        0.0%
EEDATA             400      0       0       0        0.0%
NULL                 0      0       0       0        0.0%
CODE                 0      0       0       0        0.0%
COMRAM              5E      0       3       1        3.2%
STACK                0      0       0       2        0.0%
DATA                 0      0       3       3        0.0%
BITBANK0            A0      0       0       4        0.0%
BANK0               A0      0       0       5        0.0%
BITBANK1           100      0       0       6        0.0%
BANK1              100      0       0       7        0.0%
BITBANK2           100      0       0       8        0.0%
BANK2              100      0       0       9        0.0%
BITBANK3           100      0       0      10        0.0%
BANK3              100      0       0      11        0.0%
BITBANK4           100      0       0      12        0.0%
BANK4              100      0       0      13        0.0%
BITBANK5           100      0       0      14        0.0%
BANK5              100      0       0      15        0.0%
BITBANK6           100      0       0      16        0.0%
BANK6              100      0       0      17        0.0%
BITBANK7           100      0       0      18        0.0%
BANK7              100      0       0      19        0.0%
BITBANK8           100      0       0      20        0.0%
BANK8              100      0       0      21        0.0%
BITBANK9           100      0       0      22        0.0%
BANK9              100      0       0      23        0.0%
BITBANK10          100      0       0      24        0.0%
BANK10             100      0       0      25        0.0%
BITBANK11          100      0       0      26        0.0%
BANK11             100      0       0      27        0.0%
BITBANK12          100      0       0      28        0.0%
BANK12             100      0       0      29        0.0%
BANK13             100      0       0      30        0.0%
ABS                  0      0       3      31        0.0%
BITBANK13          100      0       0      32        0.0%
BITBANK14          100      0       0      33        0.0%
BANK14             100      0       0      34        0.0%
BITBANK15           60      0       0      35        0.0%
BANK15              60      0       0      36        0.0%
BITBIGSFRh           D      0       0      37        0.0%
BITBIGSFRlhhh       19      0       0      38        0.0%
BITBIGSFRlhhlhh      7      0       0      39        0.0%
BITBIGSFRlhhlhl      E      0       0      40        0.0%
BITBIGSFRlhhllh     2A      0       0      41        0.0%
BITBIGSFRlhhllh      1      0       0      42        0.0%
BITBIGSFRlhhlll      4      0       0      43        0.0%
BITBIGSFRlhlhl       1      0       0      44        0.0%
BITBIGSFRlhll        5      0       0      45        0.0%
BITBIGSFRll         21      0       0      46        0.0%
BIGRAM             F5F      0       0      47        0.0%
BIGSFR               0      0       0     200        0.0%
BITSFR               0      0       0     200        0.0%
SFR                  0      0       0     200        0.0%


Microchip Technology PIC18 Macro Assembler V2.46 build 20240104201356 
Symbol Table                                                                                   Sat May 04 07:37:25 2024

                     l46 1034                       l47 1034                      l741 1014  
                    l743 1022                      l745 1028                      l737 1002  
                    l747 102A                      l739 100E                     _LATA 0F89  
                   _LATC 0F8B                     _LATD 0F8C                     _LATE 0F8D  
                   i2l41 106C                     _main 1002                     btemp 0004  
                   start 000E             ___param_bank 0000                    ?_main 0000  
                  i2l731 1056                    i2l733 105C                    i2l725 103E  
                  i2l735 106A                    i2l727 104C                    i2l729 1054  
                  _PORTB 0F81                    _PORTC 0F82                    _PORTD 0F83  
                  _TRISA 0F92                    _TRISC 0F94                    _TRISD 0F95  
                  _TRISE 0F96                    _prevB 0001                    ttemp5 0005  
                  ttemp6 0008                    ttemp7 000C                    wtemp8 0005  
        __initialization 1070             __end_of_main 103C                   ??_main 0000  
          __activetblptr 0000                   _ADCON1 0FC1                   _INTCON 0FF2  
                 i2u1_40 104C                   i2u1_41 1048                   i2u2_40 106A  
                 i2u2_41 1066                   isa$std 0001             __mediumconst 0000  
             __accesstop 0060  __end_of__initialization 1070            ___rparam_used 0001  
         __pcstackCOMRAM 0000               __pnvCOMRAM 0001        ??_highPriorityISR 0000  
                __Hparam 0000                  __Lparam 0000             __psmallconst 1000  
                __pcinit 1070                  __ramtop 1000                  __ptext0 1002  
         __pintcode_body 103C     end_of_initialization 1070                  int_func 103C  
    start_initialization 1070          _highPriorityISR 0008                __pintcode 0008  
__end_of_highPriorityISR 1070              __smallconst 1000                 _RCONbits 0FD0  
               __Hrparam 0000                 __Lrparam 0000         ?_highPriorityISR 0000  
               isa$xinst 0000                 int$flags 0004               _INTCONbits 0FF2  
               intlevel2 0000               _STATUSbits 0FD8  
